[0m01:43:16.310664 [debug] [MainThread]: Sending event: {'category': 'dbt', 'action': 'invocation', 'label': 'start', 'context': [<snowplow_tracker.self_describing_json.SelfDescribingJson object at 0x7d9ac22caa40>, <snowplow_tracker.self_describing_json.SelfDescribingJson object at 0x7d9ac13d70d0>, <snowplow_tracker.self_describing_json.SelfDescribingJson object at 0x7d9ac13d7cd0>]}


============================== 01:43:16.314871 | 67c99716-caa9-4931-929f-74e8b471b2bf ==============================
[0m01:43:16.314871 [info ] [MainThread]: Running with dbt=1.9.4
[0m01:43:16.315756 [debug] [MainThread]: running dbt with arguments {'printer_width': '80', 'indirect_selection': 'eager', 'write_json': 'True', 'log_cache_events': 'False', 'partial_parse': 'True', 'cache_selected_only': 'False', 'profiles_dir': '/home/gloria/.dbt', 'fail_fast': 'False', 'warn_error': 'None', 'log_path': 'logs', 'debug': 'False', 'version_check': 'True', 'use_colors': 'True', 'use_experimental_parser': 'False', 'empty': 'None', 'quiet': 'False', 'no_print': 'None', 'warn_error_options': 'WarnErrorOptions(include=[], exclude=[])', 'introspect': 'True', 'invocation_command': 'dbt init', 'log_format': 'default', 'target_path': 'None', 'static_parser': 'True', 'send_anonymous_usage_stats': 'True'}
[0m01:43:16.325459 [warn ] [MainThread]: [ConfigFolderDirectory]: Unable to parse logging event dictionary. Failed to parse dir field: expected string or bytes-like object.. Dictionary: {'dir': PosixPath('/home/gloria/.dbt')}
[0m01:43:16.326177 [info ] [MainThread]: Creating dbt configuration folder at 
[0m01:43:48.934852 [debug] [MainThread]: Starter project path: /home/gloria/miniconda3/envs/py310/lib/python3.10/site-packages/dbt/include/starter_project
[0m01:43:48.938176 [info ] [MainThread]: 
Your new dbt project "oms_dbt_proj" was created!

For more information on how to configure the profiles.yml file,
please consult the dbt documentation here:

  https://docs.getdbt.com/docs/configure-your-profile

One more thing:

Need help? Don't hesitate to reach out to us via GitHub issues or on Slack:

  https://community.getdbt.com/

Happy modeling!

[0m01:43:48.938896 [info ] [MainThread]: Setting up your profile.
[0m01:47:33.361738 [info ] [MainThread]: Profile oms_dbt_proj written to /home/gloria/.dbt/profiles.yml using target's profile_template.yml and your supplied values. Run 'dbt debug' to validate the connection.
[0m01:47:33.363644 [debug] [MainThread]: Resource report: {"command_name": "init", "command_success": true, "command_wall_clock_time": 257.1364, "process_in_blocks": "0", "process_kernel_time": 0.138001, "process_mem_max_rss": "96080", "process_out_blocks": "88", "process_user_time": 1.919786}
[0m01:47:33.364409 [debug] [MainThread]: Command `dbt init` succeeded at 01:47:33.364225 after 257.14 seconds
[0m01:47:33.365014 [debug] [MainThread]: Sending event: {'category': 'dbt', 'action': 'invocation', 'label': 'end', 'context': [<snowplow_tracker.self_describing_json.SelfDescribingJson object at 0x7d9ac22caa40>, <snowplow_tracker.self_describing_json.SelfDescribingJson object at 0x7d9ac113a350>, <snowplow_tracker.self_describing_json.SelfDescribingJson object at 0x7d9ac124d5d0>]}
[0m01:47:33.365625 [debug] [MainThread]: Flushing usage events
[0m01:47:33.517180 [debug] [MainThread]: An error was encountered while trying to flush usage events
